从 #0001 开始，共 1025 只

[1/1025] #0001 妙蛙种子 现有 7 组，缺 8,9
  ✅ 完成 — 现有 9 组 (新增 2 组)

[2/1025] #0002 妙蛙草 现有 7 组，缺 8,9
  ✅ 完成 — 现有 9 组 (新增 2 组)

[3/1025] #0003 妙蛙花 现有 6 组，缺 7,8,9
  ✅ 完成 — 现有 9 组 (新增 3 组)

[4/1025] #0004 小火龙 现有 7 组，缺 8,9
  ✅ 完成 — 现有 9 组 (新增 2 组)
[5/1025] #0005 火恐龙 ✅ 已完成

[6/1025] #0006 喷火龙 现有 7 组，缺 1,2
  ✅ 完成 — 现有 9 组 (新增 2 组)

[7/1025] #0007 杰尼龟 现有 7 组，缺 1,2
  ✅ 完成 — 现有 9 组 (新增 2 组)

[8/1025] #0008 卡咪龟 现有 7 组，缺 1,2
  ✅ 完成 — 现有 9 组 (新增 2 组)

[9/1025] #0009 水箭龟 现有 8 组，缺 1
  ✅ 完成 — 现有 9 组 (新增 1 组)

[10/1025] #0010 绿毛虫 现有 7 组，缺 1,9
  ✅ 完成 — 现有 8 组 (新增 1 组)

[11/1025] #0011 铁甲蛹 现有 8 组，缺 9
  ✅ 完成 — 现有 8 组 (新增 0 组)

[12/1025] #0012 巴大蝶 现有 8 组，缺 9
  ✅ 完成 — 现有 8 组 (新增 0 组)

[13/1025] #0013 独角虫 现有 8 组，缺 9
  ✅ 完成 — 现有 8 组 (新增 0 组)

[14/1025] #0014 铁壳蛹 现有 8 组，缺 9
  ✅ 完成 — 现有 8 组 (新增 0 组)

[15/1025] #0015 大针蜂 现有 8 组，缺 9
  ✅ 完成 — 现有 8 组 (新增 0 组)

[16/1025] #0016 波波 现有 8 组，缺 9
  ✅ 完成 — 现有 8 组 (新增 0 组)

[17/1025] #0017 比比鸟 现有 8 组，缺 9
  ✅ 完成 — 现有 8 组 (新增 0 组)

[18/1025] #0018 大比鸟 现有 8 组，缺 9
  ✅ 完成 — 现有 8 组 (新增 0 组)

[19/1025] #0019 小拉达 现有 8 组，缺 9
  ✅ 完成 — 现有 8 组 (新增 0 组)

[20/1025] #0020 拉达 现有 8 组，缺 9
  ✅ 完成 — 现有 8 组 (新增 0 组)

[21/1025] #0021 烈雀 现有 6 组，缺 7,8,9
  ✅ 完成 — 现有 8 组 (新增 2 组)

[22/1025] #0022 大嘴雀 现有 7 组，缺 8,9
  ✅ 完成 — 现有 8 组 (新增 1 组)
[23/1025] #0023 阿柏蛇 ✅ 已完成

[24/1025] #0024 阿柏怪 现有 6 组，缺 7,8,9
  ✅ 完成 — 现有 9 组 (新增 3 组)

[25/1025] #0025 皮卡丘 现有 7 组，缺 8,9
  ✅ 完成 — 现有 9 组 (新增 2 组)

[26/1025] #0026 雷丘 现有 6 组，缺 1,2,3
  ✅ 完成 — 现有 9 组 (新增 3 组)

[27/1025] #0027 穿山鼠 现有 6 组，缺 1,2,3
  ✅ 完成 — 现有 9 组 (新增 3 组)

[28/1025] #0028 穿山王 现有 6 组，缺 1,2,3
  ✅ 完成 — 现有 9 组 (新增 3 组)

[29/1025] #0029 尼多兰 现有 8 组，缺 9
  ✅ 完成 — 现有 8 组 (新增 0 组)

[30/1025] #0030 尼多娜 现有 6 组，缺 1,2,9
  ✅ 完成 — 现有 8 组 (新增 2 组)

[31/1025] #0031 尼多后 现有 8 组，缺 9
  ✅ 完成 — 现有 8 组 (新增 0 组)

[32/1025] #0032 尼多朗 现有 8 组，缺 9
  ✅ 完成 — 现有 8 组 (新增 0 组)

[33/1025] #0033 尼多力诺 现有 8 组，缺 9
  ✅ 完成 — 现有 8 组 (新增 0 组)

[34/1025] #0034 尼多王 现有 8 组，缺 9
  ✅ 完成 — 现有 8 组 (新增 0 组)
[35/1025] #0035 皮皮 ✅ 已完成
[36/1025] #0036 皮可西 ✅ 已完成
[37/1025] #0037 六尾 ✅ 已完成
[38/1025] #0038 九尾 ✅ 已完成
[39/1025] #0039 胖丁 ✅ 已完成
[40/1025] #0040 胖可丁 ✅ 已完成

[41/1025] #0041 超音蝠 现有 6 组，缺 7,8,9
  ✅ 完成 — 现有 8 组 (新增 2 组)

[42/1025] #0042 大嘴蝠 现有 6 组，缺 7,8,9
  ✅ 完成 — 现有 8 组 (新增 2 组)

[43/1025] #0043 走路草 现有 6 组，缺 7,8,9
  ✅ 完成 — 现有 9 组 (新增 3 组)

[44/1025] #0044 臭臭花 现有 6 组，缺 7,8,9
  ✅ 完成 — 现有 9 组 (新增 3 组)

[45/1025] #0045 霸王花 现有 6 组，缺 7,8,9
  ✅ 完成 — 现有 9 组 (新增 3 组)

[46/1025] #0046 派拉斯 现有 8 组，缺 9
  ✅ 完成 — 现有 8 组 (新增 0 组)

[47/1025] #0047 派拉斯特 现有 8 组，缺 9
  ✅ 完成 — 现有 8 组 (新增 0 组)
[48/1025] #0048 毛球 ✅ 已完成
[49/1025] #0049 摩鲁蛾 ✅ 已完成
[50/1025] #0050 地鼠 ✅ 已完成
[51/1025] #0051 三地鼠 ✅ 已完成
[52/1025] #0052 喵喵 ✅ 已完成
[53/1025] #0053 猫老大 ✅ 已完成
[54/1025] #0054 可达鸭 ✅ 已完成
[55/1025] #0055 哥达鸭 ✅ 已完成

[56/1025] #0056 猴怪 现有 7 组，缺 8,9
  ✅ 完成 — 现有 9 组 (新增 2 组)

[57/1025] #0057 火暴猴 现有 7 组，缺 8,9
  ✅ 完成 — 现有 9 组 (新增 2 组)

[58/1025] #0058 卡蒂狗 现有 8 组，缺 9
  ✅ 完成 — 现有 9 组 (新增 1 组)
[59/1025] #0059 风速狗 ✅ 已完成

[60/1025] #0060 蚊香蝌蚪 现有 7 组，缺 8,9
  ✅ 完成 — 现有 9 组 (新增 2 组)
[61/1025] #0061 蚊香君 ✅ 已完成
[62/1025] #0062 蚊香泳士 ✅ 已完成

[63/1025] #0063 凯西 现有 8 组，缺 9
  ✅ 完成 — 现有 8 组 (新增 0 组)

[64/1025] #0064 勇基拉 现有 8 组，缺 9
  ✅ 完成 — 现有 8 组 (新增 0 组)

[65/1025] #0065 胡地 现有 8 组，缺 9
  ✅ 完成 — 现有 8 组 (新增 0 组)

[66/1025] #0066 腕力 现有 8 组，缺 9
  ✅ 完成 — 现有 8 组 (新增 0 组)

[67/1025] #0067 豪力 现有 8 组，缺 9
  ✅ 完成 — 现有 8 组 (新增 0 组)

[68/1025] #0068 怪力 现有 8 组，缺 9
  ✅ 完成 — 现有 8 组 (新增 0 组)
[69/1025] #0069 喇叭芽 ✅ 已完成
[70/1025] #0070 口呆花 ✅ 已完成

[71/1025] #0071 大食花 现有 6 组，缺 7,8,9
  ✅ 完成 — 现有 9 组 (新增 3 组)

[72/1025] #0072 玛瑙水母 现有 6 组，缺 7,8,9
  ✅ 完成 — 现有 9 组 (新增 3 组)
[73/1025] #0073 毒刺水母 ✅ 已完成

[74/1025] #0074 小拳石 现有 6 组，缺 7,8,9
  ✅ 完成 — 现有 9 组 (新增 3 组)

[75/1025] #0075 隆隆石 现有 7 组，缺 8,9
  ✅ 完成 — 现有 9 组 (新增 2 组)

[76/1025] #0076 隆隆岩 现有 6 组，缺 1,2,3
  ✅ 完成 — 现有 9 组 (新增 3 组)

[77/1025] #0077 小火马 现有 8 组，缺 9
  ✅ 完成 — 现有 8 组 (新增 0 组)

[78/1025] #0078 烈焰马 现有 8 组，缺 9
  ✅ 完成 — 现有 8 组 (新增 0 组)

[79/1025] #0079 呆呆兽 现有 6 组，缺 1,2,3
  ✅ 完成 — 现有 9 组 (新增 3 组)

[80/1025] #0080 呆壳兽 现有 6 组，缺 1,2,3
  ✅ 完成 — 现有 9 组 (新增 3 组)
[81/1025] #0081 小磁怪 ✅ 已完成
[82/1025] #0082 三合一磁怪 ✅ 已完成

[83/1025] #0083 大葱鸭 现有 8 组，缺 9
  ✅ 完成 — 现有 8 组 (新增 0 组)
[84/1025] #0084 嘟嘟 ✅ 已完成
[85/1025] #0085 嘟嘟利 ✅ 已完成
[86/1025] #0086 小海狮 ✅ 已完成
[87/1025] #0087 白海狮 ✅ 已完成
[88/1025] #0088 臭泥 ✅ 已完成
[89/1025] #0089 臭臭泥 ✅ 已完成
[90/1025] #0090 大舌贝 ✅ 已完成

[91/1025] #0091 刺甲贝 现有 6 组，缺 7,8,9
  ✅ 完成 — 现有 9 组 (新增 3 组)

[92/1025] #0092 鬼斯 现有 7 组，缺 8,9
  ✅ 完成 — 现有 9 组 (新增 2 组)

[93/1025] #0093 鬼斯通 现有 7 组，缺 8,9
  ✅ 完成 — 现有 9 组 (新增 2 组)

[94/1025] #0094 耿鬼 现有 8 组，缺 9
  ✅ 完成 — 现有 9 组 (新增 1 组)

[95/1025] #0095 大岩蛇 现有 6 组，缺 7,8,9
  ✅ 完成 — 现有 8 组 (新增 2 组)

[96/1025] #0096 催眠貘 现有 6 组，缺 1,2,3
  ✅ 完成 — 现有 9 组 (新增 3 组)

[97/1025] #0097 引梦貘人 现有 6 组，缺 1,2,3
  ✅ 完成 — 现有 9 组 (新增 3 组)

[98/1025] #0098 大钳蟹 现有 8 组，缺 9
  ✅ 完成 — 现有 8 组 (新增 0 组)

[99/1025] #0099 巨钳蟹 现有 8 组，缺 9
  ✅ 完成 — 现有 8 组 (新增 0 组)

[100/1025] #0100 霹雳电球 现有 6 组，缺 1,2,3
  ✅ 完成 — 现有 9 组 (新增 3 组)
[101/1025] #0101 顽皮雷弹 ✅ 已完成
[102/1025] #0102 蛋蛋 ✅ 已完成
[103/1025] #0103 椰蛋树 ✅ 已完成

[104/1025] #0104 卡拉卡拉 现有 8 组，缺 9
  ✅ 完成 — 现有 8 组 (新增 0 组)

[105/1025] #0105 嘎啦嘎啦 现有 8 组，缺 9
  ✅ 完成 — 现有 8 组 (新增 0 组)

[106/1025] #0106 飞腿郎 现有 7 组，缺 8,9
  ✅ 完成 — 现有 9 组 (新增 2 组)

[107/1025] #0107 快拳郎 现有 7 组，缺 8,9
  ✅ 完成 — 现有 9 组 (新增 2 组)

[108/1025] #0108 大舌头 现有 7 组，缺 8,9
  ✅ 完成 — 现有 8 组 (新增 1 组)

[109/1025] #0109 瓦斯弹 现有 7 组，缺 8,9
  ✅ 完成 — 现有 9 组 (新增 2 组)

[110/1025] #0110 双弹瓦斯 现有 7 组，缺 8,9
  ✅ 完成 — 现有 9 组 (新增 2 组)
[111/1025] #0111 独角犀牛 ✅ 已完成
[112/1025] #0112 钻角犀兽 ✅ 已完成
[113/1025] #0113 吉利蛋 ✅ 已完成

[114/1025] #0114 蔓藤怪 现有 8 组，缺 9
  ✅ 完成 — 现有 8 组 (新增 0 组)

[115/1025] #0115 袋兽 现有 8 组，缺 9
  ✅ 完成 — 现有 8 组 (新增 0 组)
[116/1025] #0116 墨海马 ✅ 已完成
[117/1025] #0117 海刺龙 ✅ 已完成

[118/1025] #0118 角金鱼 现有 8 组，缺 9
  ✅ 完成 — 现有 8 组 (新增 0 组)

[119/1025] #0119 金鱼王 现有 8 组，缺 9
  ✅ 完成 — 现有 8 组 (新增 0 组)

[120/1025] #0120 海星星 现有 8 组，缺 9
  ✅ 完成 — 现有 8 组 (新增 0 组)

[121/1025] #0121 宝石海星 现有 8 组，缺 9
  ✅ 完成 — 现有 8 组 (新增 0 组)

[122/1025] #0122 魔墙人偶 现有 7 组，缺 8,9
  ✅ 完成 — 现有 8 组 (新增 1 组)

[123/1025] #0123 飞天螳螂 现有 6 组，缺 7,8,9
  ✅ 完成 — 现有 9 组 (新增 3 组)

[124/1025] #0124 迷唇姐 现有 6 组，缺 7,8,9
  ✅ 完成 — 现有 8 组 (新增 2 组)
[125/1025] #0125 电击兽 ✅ 已完成
[126/1025] #0126 鸭嘴火兽 ✅ 已完成

[127/1025] #0127 凯罗斯 现有 6 组，缺 1,2,9
  ✅ 完成 — 现有 8 组 (新增 2 组)

[128/1025] #0128 肯泰罗 现有 6 组，缺 1,2,9
  ✅ 完成 — 现有 9 组 (新增 3 组)

[129/1025] #0129 鲤鱼王 现有 7 组，缺 1,2
  ✅ 完成 — 现有 9 组 (新增 2 组)
[130/1025] #0130 暴鲤龙 ✅ 已完成
[131/1025] #0131 拉普拉斯 ✅ 已完成
[132/1025] #0132 百变怪 ✅ 已完成
[133/1025] #0133 伊布 ✅ 已完成
[134/1025] #0134 水伊布 ✅ 已完成

[135/1025] #0135 雷伊布 现有 6 组，缺 1,2,3
  ✅ 完成 — 现有 9 组 (新增 3 组)
[136/1025] #0136 火伊布 ✅ 已完成
[137/1025] #0137 多边兽 ✅ 已完成

[138/1025] #0138 菊石兽 现有 8 组，缺 9
  ✅ 完成 — 现有 8 组 (新增 0 组)

[139/1025] #0139 多刺菊石兽 现有 8 组，缺 9
  ✅ 完成 — 现有 8 组 (新增 0 组)

[140/1025] #0140 化石盔 现有 8 组，缺 9
  ✅ 完成 — 现有 8 组 (新增 0 组)

[141/1025] #0141 镰刀盔 现有 7 组，缺 8,9
  ✅ 完成 — 现有 8 组 (新增 1 组)

[142/1025] #0142 化石翼龙 现有 7 组，缺 8,9
  ✅ 完成 — 现有 8 组 (新增 1 组)
[143/1025] #0143 卡比兽 ✅ 已完成

[144/1025] #0144 急冻鸟 现有 7 组，缺 8,9
  ✅ 完成 — 现有 9 组 (新增 2 组)

[145/1025] #0145 闪电鸟 现有 7 组，缺 8,9
  ✅ 完成 — 现有 9 组 (新增 2 组)

[146/1025] #0146 火焰鸟 现有 6 组，缺 1,2,3
  ✅ 完成 — 现有 9 组 (新增 3 组)

[147/1025] #0147 迷你龙 现有 6 组，缺 1,2,3
  ✅ 完成 — 现有 9 组 (新增 3 组)

[148/1025] #0148 哈克龙 现有 6 组，缺 1,2,3
  ✅ 完成 — 现有 9 组 (新增 3 组)

[149/1025] #0149 快龙 现有 6 组，缺 1,2,3
  ✅ 完成 — 现有 9 组 (新增 3 组)

[150/1025] #0150 超梦 现有 6 组，缺 1,2,3
  ✅ 完成 — 现有 9 组 (新增 3 组)
[151/1025] #0151 梦幻 ✅ 已完成
[152/1025] #0152 菊草叶 ✅ 已完成
[153/1025] #0153 月桂叶 ✅ 已完成
[154/1025] #0154 大竺葵 ✅ 已完成
[155/1025] #0155 火球鼠 ✅ 已完成
[156/1025] #0156 火岩鼠 ✅ 已完成
[157/1025] #0157 火暴兽 ✅ 已完成
[158/1025] #0158 小锯鳄 ✅ 已完成
[159/1025] #0159 蓝鳄 ✅ 已完成
[160/1025] #0160 大力鳄 ✅ 已完成
[161/1025] #0161 尾立 ✅ 已完成
[162/1025] #0162 大尾立 ✅ 已完成
[163/1025] #0163 咕咕 ✅ 已完成
[164/1025] #0164 猫头夜鹰 ✅ 已完成

[165/1025] #0165 芭瓢虫 现有 7 组，缺 9
  ✅ 完成 — 现有 7 组 (新增 0 组)

[166/1025] #0166 安瓢虫 现有 7 组，缺 9
  ✅ 完成 — 现有 7 组 (新增 0 组)
[167/1025] #0167 圆丝蛛 ✅ 已完成
[168/1025] #0168 阿利多斯 ✅ 已完成

[169/1025] #0169 叉字蝠 现有 7 组，缺 9
  ✅ 完成 — 现有 7 组 (新增 0 组)

[170/1025] #0170 灯笼鱼 现有 7 组，缺 9
  ✅ 完成 — 现有 8 组 (新增 1 组)
[171/1025] #0171 电灯怪 ✅ 已完成
[172/1025] #0172 皮丘 ✅ 已完成
[173/1025] #0173 皮宝宝 ✅ 已完成
[174/1025] #0174 宝宝丁 ✅ 已完成

[175/1025] #0175 波克比 现有 7 组，缺 9
  ✅ 完成 — 现有 7 组 (新增 0 组)

[176/1025] #0176 波克基古 现有 7 组，缺 9
  ✅ 完成 — 现有 7 组 (新增 0 组)

[177/1025] #0177 天然雀 现有 7 组，缺 9
  ✅ 完成 — 现有 7 组 (新增 0 组)

[178/1025] #0178 天然鸟 现有 7 组，缺 9
  ✅ 完成 — 现有 7 组 (新增 0 组)
[179/1025] #0179 咩利羊 ✅ 已完成
[180/1025] #0180 茸茸羊 ✅ 已完成
[181/1025] #0181 电龙 ✅ 已完成

[182/1025] #0182 美丽花 现有 7 组，缺 9
  ✅ 完成 — 现有 8 组 (新增 1 组)

[183/1025] #0183 玛力露 现有 7 组，缺 9
  ✅ 完成 — 现有 8 组 (新增 1 组)

[184/1025] #0184 玛力露丽 现有 7 组，缺 9
  ✅ 完成 — 现有 8 组 (新增 1 组)

[185/1025] #0185 树才怪 现有 7 组，缺 9
  ✅ 完成 — 现有 8 组 (新增 1 组)
[186/1025] #0186 蚊香蛙皇 ✅ 已完成
[187/1025] #0187 毽子草 ✅ 已完成
[188/1025] #0188 毽子花 ✅ 已完成
[189/1025] #0189 毽子棉 ✅ 已完成
[190/1025] #0190 长尾怪手 ✅ 已完成
[191/1025] #0191 向日种子 ✅ 已完成
[192/1025] #0192 向日花怪 ✅ 已完成
[193/1025] #0193 蜻蜻蜓 ✅ 已完成
[194/1025] #0194 乌波 ✅ 已完成

[195/1025] #0195 沼王 现有 6 组，缺 8,9
  ✅ 完成 — 现有 8 组 (新增 2 组)

[196/1025] #0196 太阳伊布 现有 6 组，缺 2,3
  ✅ 完成 — 现有 8 组 (新增 2 组)

[197/1025] #0197 月亮伊布 现有 6 组，缺 2,3
  ✅ 完成 — 现有 8 组 (新增 2 组)

[198/1025] #0198 黑暗鸦 现有 6 组，缺 2,3
  ✅ 完成 — 现有 8 组 (新增 2 组)

[199/1025] #0199 呆呆王 现有 6 组，缺 2,3
  ✅ 完成 — 现有 8 组 (新增 2 组)

[200/1025] #0200 梦妖 现有 6 组，缺 2,3
  ✅ 完成 — 现有 8 组 (新增 2 组)

[201/1025] #0201 未知图腾 现有 7 组，缺 9
  ✅ 完成 — 现有 7 组 (新增 0 组)

[202/1025] #0202 果然翁 现有 7 组，缺 9
  ✅ 完成 — 现有 7 组 (新增 0 组)
[203/1025] #0203 麒麟奇 ✅ 已完成
[204/1025] #0204 榛果球 ✅ 已完成
[205/1025] #0205 佛烈托斯 ✅ 已完成

[206/1025] #0206 土龙弟弟 现有 6 组，缺 8,9
  ✅ 完成 — 现有 8 组 (新增 2 组)

[207/1025] #0207 天蝎 现有 6 组，缺 8,9
  ✅ 完成 — 现有 8 组 (新增 2 组)

[208/1025] #0208 大钢蛇 现有 7 组，缺 9
  ✅ 完成 — 现有 7 组 (新增 0 组)

[209/1025] #0209 布鲁 现有 6 组，缺 8,9
  ✅ 完成 — 现有 8 组 (新增 2 组)

[210/1025] #0210 布鲁皇 现有 7 组，缺 9
  ✅ 完成 — 现有 8 组 (新增 1 组)
[211/1025] #0211 千针鱼 ✅ 已完成
[212/1025] #0212 巨钳螳螂 ✅ 已完成

[213/1025] #0213 壶壶 现有 7 组，缺 9
  ✅ 完成 — 现有 7 组 (新增 0 组)
[214/1025] #0214 赫拉克罗斯 ✅ 已完成
[215/1025] #0215 狃拉 ✅ 已完成
[216/1025] #0216 熊宝宝 ✅ 已完成
[217/1025] #0217 圈圈熊 ✅ 已完成
[218/1025] #0218 熔岩虫 ✅ 已完成
[219/1025] #0219 熔岩蜗牛 ✅ 已完成
[220/1025] #0220 小山猪 ✅ 已完成

[221/1025] #0221 长毛猪 现有 7 组，缺 9
  ✅ 完成 — 现有 8 组 (新增 1 组)

[222/1025] #0222 太阳珊瑚 现有 6 组，缺 8,9
  ✅ 完成 — 现有 7 组 (新增 1 组)

[223/1025] #0223 铁炮鱼 现有 7 组，缺 9
  ✅ 完成 — 现有 7 组 (新增 0 组)

[224/1025] #0224 章鱼桶 现有 7 组，缺 9
  ✅ 完成 — 现有 7 组 (新增 0 组)

[225/1025] #0225 信使鸟 现有 7 组，缺 9
  ✅ 完成 — 现有 8 组 (新增 1 组)

[226/1025] #0226 巨翅飞鱼 现有 7 组，缺 9
  ✅ 完成 — 现有 7 组 (新增 0 组)
[227/1025] #0227 盔甲鸟 ✅ 已完成
[228/1025] #0228 戴鲁比 ✅ 已完成
[229/1025] #0229 黑鲁加 ✅ 已完成
[230/1025] #0230 刺龙王 ✅ 已完成
[231/1025] #0231 小小象 ✅ 已完成
[232/1025] #0232 顿甲 ✅ 已完成
[233/1025] #0233 多边兽２型 ✅ 已完成
[234/1025] #0234 惊角鹿 ✅ 已完成
[235/1025] #0235 图图犬 ✅ 已完成
[236/1025] #0236 无畏小子 ✅ 已完成
[237/1025] #0237 战舞郎 ✅ 已完成

[238/1025] #0238 迷唇娃 现有 7 组，缺 9
  ✅ 完成 — 现有 7 组 (新增 0 组)
[239/1025] #0239 电击怪 ✅ 已完成
[240/1025] #0240 鸭嘴宝宝 ✅ 已完成

[241/1025] #0241 大奶罐 现有 7 组，缺 9
  ✅ 完成 — 现有 7 组 (新增 0 组)
[242/1025] #0242 幸福蛋 ✅ 已完成
[243/1025] #0243 雷公 ✅ 已完成
[244/1025] #0244 炎帝 ✅ 已完成
[245/1025] #0245 水君 ✅ 已完成
[246/1025] #0246 幼基拉斯 ✅ 已完成
[247/1025] #0247 沙基拉斯 ✅ 已完成

[248/1025] #0248 班基拉斯 现有 7 组，缺 9
  ✅ 完成 — 现有 8 组 (新增 1 组)

[249/1025] #0249 洛奇亚 现有 6 组，缺 8,9
  ✅ 完成 — 现有 8 组 (新增 2 组)

[250/1025] #0250 凤王 现有 6 组，缺 8,9
  ✅ 完成 — 现有 8 组 (新增 2 组)

[251/1025] #0251 时拉比 现有 7 组，缺 9
  ✅ 完成 — 现有 7 组 (新增 0 组)
[252/1025] #0252 木守宫 ✅ 已完成
[253/1025] #0253 森林蜥蜴 ✅ 已完成
[254/1025] #0254 蜥蜴王 ✅ 已完成
[255/1025] #0255 火稚鸡 ✅ 已完成
[256/1025] #0256 力壮鸡 ✅ 已完成
[257/1025] #0257 火焰鸡 ✅ 已完成
[258/1025] #0258 水跃鱼 ✅ 已完成
[259/1025] #0259 沼跃鱼 ✅ 已完成
[260/1025] #0260 巨沼怪 ✅ 已完成
[261/1025] #0261 土狼犬 ✅ 已完成
[262/1025] #0262 大狼犬 ✅ 已完成

[263/1025] #0263 蛇纹熊 现有 6 组，缺 9
  ✅ 完成 — 现有 6 组 (新增 0 组)

[264/1025] #0264 直冲熊 现有 6 组，缺 9
  ✅ 完成 — 现有 6 组 (新增 0 组)

[265/1025] #0265 刺尾虫 现有 6 组，缺 9
  ✅ 完成 — 现有 6 组 (新增 0 组)

[266/1025] #0266 甲壳茧 现有 6 组，缺 9
  ✅ 完成 — 现有 6 组 (新增 0 组)

[267/1025] #0267 狩猎凤蝶 现有 6 组，缺 9
  ✅ 完成 — 现有 6 组 (新增 0 组)

[268/1025] #0268 盾甲茧 现有 6 组，缺 9
  ✅ 完成 — 现有 6 组 (新增 0 组)

[269/1025] #0269 毒粉蛾 现有 6 组，缺 9
  ✅ 完成 — 现有 6 组 (新增 0 组)
[270/1025] #0270 莲叶童子 ✅ 已完成
[271/1025] #0271 莲帽小童 ✅ 已完成
[272/1025] #0272 乐天河童 ✅ 已完成
[273/1025] #0273 橡实果 ✅ 已完成
[274/1025] #0274 长鼻叶 ✅ 已完成
[275/1025] #0275 狡猾天狗 ✅ 已完成

[276/1025] #0276 傲骨燕 现有 6 组，缺 9
  ✅ 完成 — 现有 6 组 (新增 0 组)

[277/1025] #0277 大王燕 现有 6 组，缺 9
  ✅ 完成 — 现有 6 组 (新增 0 组)
[278/1025] #0278 长翅鸥 ✅ 已完成
[279/1025] #0279 大嘴鸥 ✅ 已完成
[280/1025] #0280 拉鲁拉丝 ✅ 已完成

[281/1025] #0281 奇鲁莉安 现有 6 组，缺 3
  ✅ 完成 — 现有 7 组 (新增 1 组)

[282/1025] #0282 沙奈朵 现有 6 组，缺 3
  ✅ 完成 — 现有 7 组 (新增 1 组)
[283/1025] #0283 溜溜糖球 ✅ 已完成

[284/1025] #0284 雨翅蛾 现有 6 组，缺 3
  ✅ 完成 — 现有 7 组 (新增 1 组)
[285/1025] #0285 蘑蘑菇 ✅ 已完成
[286/1025] #0286 斗笠菇 ✅ 已完成
[287/1025] #0287 懒人獭 ✅ 已完成
[288/1025] #0288 过动猿 ✅ 已完成
[289/1025] #0289 请假王 ✅ 已完成

[290/1025] #0290 土居忍士 现有 6 组，缺 9
  ✅ 完成 — 现有 6 组 (新增 0 组)

[291/1025] #0291 铁面忍者 现有 6 组，缺 9
  ✅ 完成 — 现有 6 组 (新增 0 组)

[292/1025] #0292 脱壳忍者 现有 6 组，缺 9
  ✅ 完成 — 现有 6 组 (新增 0 组)

[293/1025] #0293 咕妞妞 现有 6 组，缺 9
  ✅ 完成 — 现有 6 组 (新增 0 组)

[294/1025] #0294 吼爆弹 现有 6 组，缺 9
  ✅ 完成 — 现有 6 组 (新增 0 组)

[295/1025] #0295 爆音怪 现有 6 组，缺 9
  ✅ 完成 — 现有 6 组 (新增 0 组)
[296/1025] #0296 幕下力士 ✅ 已完成
[297/1025] #0297 铁掌力士 ✅ 已完成
[298/1025] #0298 露力丽 ✅ 已完成
[299/1025] #0299 朝北鼻 ✅ 已完成

[300/1025] #0300 向尾喵 现有 6 组，缺 9
  ✅ 完成 — 现有 6 组 (新增 0 组)

[301/1025] #0301 优雅猫 现有 6 组，缺 9
  ✅ 完成 — 现有 6 组 (新增 0 组)
[302/1025] #0302 勾魂眼 ✅ 已完成

[303/1025] #0303 大嘴娃 现有 6 组，缺 9
  ✅ 完成 — 现有 6 组 (新增 0 组)

[304/1025] #0304 可可多拉 现有 6 组，缺 9
  ✅ 完成 — 现有 6 组 (新增 0 组)

[305/1025] #0305 可多拉 现有 6 组，缺 9
  ✅ 完成 — 现有 6 组 (新增 0 组)

[306/1025] #0306 波士可多拉 现有 6 组，缺 9
  ✅ 完成 — 现有 6 组 (新增 0 组)
[307/1025] #0307 玛沙那 ✅ 已完成
[308/1025] #0308 恰雷姆 ✅ 已完成

[309/1025] #0309 落雷兽 现有 6 组，缺 9
  ✅ 完成 — 现有 6 组 (新增 0 组)

[310/1025] #0310 雷电兽 现有 6 组，缺 9
  ✅ 完成 — 现有 6 组 (新增 0 组)
[311/1025] #0311 正电拍拍 ✅ 已完成
[312/1025] #0312 负电拍拍 ✅ 已完成
[313/1025] #0313 电萤虫 ✅ 已完成
[314/1025] #0314 甜甜萤 ✅ 已完成

[315/1025] #0315 毒蔷薇 现有 6 组，缺 9
  ✅ 完成 — 现有 6 组 (新增 0 组)
[316/1025] #0316 溶食兽 ✅ 已完成
[317/1025] #0317 吞食兽 ✅ 已完成

[318/1025] #0318 利牙鱼 现有 6 组，缺 9
  ✅ 完成 — 现有 6 组 (新增 0 组)

[319/1025] #0319 巨牙鲨 现有 6 组，缺 9
  ✅ 完成 — 现有 6 组 (新增 0 组)

[320/1025] #0320 吼吼鲸 现有 6 组，缺 9
  ✅ 完成 — 现有 6 组 (新增 0 组)

[321/1025] #0321 吼鲸王 现有 6 组，缺 9
  ✅ 完成 — 现有 6 组 (新增 0 组)
[322/1025] #0322 呆火驼 ✅ 已完成
[323/1025] #0323 喷火驼 ✅ 已完成

[324/1025] #0324 煤炭龟 现有 6 组，缺 3
  ✅ 完成 — 现有 7 组 (新增 1 组)

[325/1025] #0325 跳跳猪 现有 6 组，缺 3
  ✅ 完成 — 现有 7 组 (新增 1 组)
[326/1025] #0326 噗噗猪 ✅ 已完成

[327/1025] #0327 晃晃斑 现有 6 组，缺 9
  ✅ 完成 — 现有 6 组 (新增 0 组)
[328/1025] #0328 大颚蚁 ✅ 已完成
[329/1025] #0329 超音波幼虫 ✅ 已完成

[330/1025] #0330 沙漠蜻蜓 现有 6 组，缺 9
  ✅ 完成 — 现有 7 组 (新增 1 组)
[331/1025] #0331 刺球仙人掌 ✅ 已完成
[332/1025] #0332 梦歌仙人掌 ✅ 已完成
[333/1025] #0333 青绵鸟 ✅ 已完成
[334/1025] #0334 七夕青鸟 ✅ 已完成
[335/1025] #0335 猫鼬斩 ✅ 已完成
[336/1025] #0336 饭匙蛇 ✅ 已完成

[337/1025] #0337 月石 现有 6 组，缺 9
  ✅ 完成 — 现有 6 组 (新增 0 组)

[338/1025] #0338 太阳岩 现有 6 组，缺 9
  ✅ 完成 — 现有 6 组 (新增 0 组)
[339/1025] #0339 泥泥鳅 ✅ 已完成
[340/1025] #0340 鲶鱼王 ✅ 已完成
[341/1025] #0341 龙虾小兵 ✅ 已完成
[342/1025] #0342 铁螯龙虾 ✅ 已完成

[343/1025] #0343 天秤偶 现有 6 组，缺 9
  ✅ 完成 — 现有 6 组 (新增 0 组)

[344/1025] #0344 念力土偶 现有 6 组，缺 9
  ✅ 完成 — 现有 6 组 (新增 0 组)

[345/1025] #0345 触手百合 现有 6 组，缺 9
  ✅ 完成 — 现有 6 组 (新增 0 组)

[346/1025] #0346 摇篮百合 现有 6 组，缺 9
  ✅ 完成 — 现有 6 组 (新增 0 组)

[347/1025] #0347 太古羽虫 现有 6 组，缺 9
  ✅ 完成 — 现有 6 组 (新增 0 组)

[348/1025] #0348 太古盔甲 现有 6 组，缺 9
  ✅ 完成 — 现有 6 组 (新增 0 组)
[349/1025] #0349 丑丑鱼 ✅ 已完成
[350/1025] #0350 美纳斯 ✅ 已完成

[351/1025] #0351 飘浮泡泡 现有 6 组，缺 9
  ✅ 完成 — 现有 6 组 (新增 0 组)

[352/1025] #0352 变隐龙 现有 6 组，缺 9
  ✅ 完成 — 现有 6 组 (新增 0 组)
[353/1025] #0353 怨影娃娃 ✅ 已完成
[354/1025] #0354 诅咒娃娃 ✅ 已完成
[355/1025] #0355 夜巡灵 ✅ 已完成
[356/1025] #0356 彷徨夜灵 ✅ 已完成
[357/1025] #0357 热带龙 ✅ 已完成
[358/1025] #0358 风铃铃 ✅ 已完成

[359/1025] #0359 阿勃梭鲁 现有 6 组，缺 9
  ✅ 完成 — 现有 6 组 (新增 0 组)

[360/1025] #0360 小果然 现有 6 组，缺 9
  ✅ 完成 — 现有 6 组 (新增 0 组)
[361/1025] #0361 雪童子 ✅ 已完成
[362/1025] #0362 冰鬼护 ✅ 已完成

[363/1025] #0363 海豹球 现有 6 组，缺 9
  ✅ 完成 — 现有 6 组 (新增 0 组)

[364/1025] #0364 海魔狮 现有 6 组，缺 9
  ✅ 完成 — 现有 6 组 (新增 0 组)

[365/1025] #0365 帝牙海狮 现有 6 组，缺 9
  ✅ 完成 — 现有 6 组 (新增 0 组)

[366/1025] #0366 珍珠贝 现有 6 组，缺 9
